2025-01-01 17:57:00 | DEBUG | repo=Web_Library | action=test | passed=true
2025-11-24 11:13:00 | INFO | repo=Web_Library | action=commit
2025-08-10 17:34:00 | WARN | repo=Web_Library | action=commit
2025-05-10 11:37:00 | INFO | repo=Web_Library | action=commit
2025-03-08 13:27:00 | DEBUG | repo=Web_Library | action=commit
2025-10-24 18:48:00 | INFO | repo=Web_Library | action=commit
2025-10-16 08:32:00 | DEBUG | repo=Web_Library | action=commit
2025-04-23 16:15:00 | DEBUG | repo=Web_Library | action=commit
2025-11-08 15:47:00 | WARN | repo=Web_Library | action=commit
2025-12-02 13:20:00 | WARN | repo=Web_Library | action=pull
2025-12-10 08:06:00 | DEBUG | repo=Web_Library | action=commit
2025-08-06 08:11:00 | DEBUG | repo=Web_Library | action=commit
2025-09-21 17:44:00 | WARN | repo=Web_Library | action=commit
2025-07-19 13:15:00 | INFO | repo=Web_Library | action=commit
2025-10-19 12:56:00 | DEBUG | repo=Web_Library | action=pull
2025-04-04 20:23:00 | DEBUG | repo=Web_Library | action=edit | files=3
2025-10-19 20:09:00 | DEBUG | repo=Web_Library | action=commit
2025-07-15 21:37:00 | INFO | repo=Web_Library | action=commit
2025-09-10 18:11:00 | DEBUG | repo=Web_Library | action=commit
2025-12-04 19:07:00 | DEBUG | repo=Web_Library | action=commit
2025-05-21 12:24:00 | DEBUG | repo=Web_Library | action=commit
2025-11-06 15:24:00 | WARN | repo=Web_Library | action=test | passed=true
2025-11-04 18:36:00 | DEBUG | repo=Web_Library | action=commit
2025-05-02 16:56:00 | INFO | repo=Web_Library | action=commit
2025-02-09 20:53:00 | WARN | repo=Web_Library | action=test | passed=true
2025-11-08 11:18:00 | WARN | repo=Web_Library | action=commit
2025-09-15 13:33:00 | DEBUG | repo=Web_Library | action=edit | files=2
2025-10-02 21:23:00 | DEBUG | repo=Web_Library | action=commit
2025-01-18 16:32:00 | WARN | repo=Web_Library | action=commit
2025-01-05 21:54:00 | INFO | repo=Web_Library | action=commit
2025-06-06 15:11:00 | INFO | repo=Web_Library | action=commit
2025-06-11 09:20:00 | INFO | repo=Web_Library | action=commit
2025-10-03 13:23:00 | WARN | repo=Web_Library | action=pull
2025-02-13 10:49:00 | DEBUG | repo=Web_Library | action=edit | files=4
2025-11-22 10:05:00 | WARN | repo=Web_Library | action=pull
2025-03-15 19:14:00 | WARN | repo=Web_Library | action=commit
2025-12-14 19:55:00 | WARN | repo=Web_Library | action=commit
2025-09-17 07:32:00 | WARN | repo=Web_Library | action=commit
2025-01-16 11:57:00 | WARN | repo=Web_Library | action=edit | files=5
2025-04-07 08:49:00 | INFO | repo=Web_Library | action=commit
2025-02-15 08:02:00 | INFO | repo=Web_Library | action=commit
2025-05-13 16:53:00 | DEBUG | repo=Web_Library | action=commit
2025-04-23 13:36:00 | INFO | repo=Web_Library | action=commit
2025-06-10 15:25:00 | DEBUG | repo=Web_Library | action=commit
2025-06-24 15:57:00 | WARN | repo=Web_Library | action=commit
2025-11-28 10:51:00 | INFO | repo=Web_Library | action=commit
2025-07-28 14:31:00 | INFO | repo=Web_Library | action=commit
2025-04-12 20:25:00 | WARN | repo=Web_Library | action=commit
2025-02-05 07:10:00 | INFO | repo=Web_Library | action=commit
2025-11-04 12:03:00 | DEBUG | repo=Web_Library | action=commit
2025-12-06 14:11:00 | WARN | repo=Web_Library | action=test | passed=true
2025-07-11 08:21:00 | INFO | repo=Web_Library | action=test | passed=true
2025-02-08 14:34:00 | WARN | repo=Web_Library | action=commit
2025-12-15 21:08:00 | INFO | repo=Web_Library | action=commit
2025-07-01 17:09:00 | INFO | repo=Web_Library | action=commit
2025-12-19 17:23:00 | DEBUG | repo=Web_Library | action=commit
2025-04-01 15:45:00 | INFO | repo=Web_Library | action=test | passed=true
2025-07-25 17:29:00 | WARN | repo=Web_Library | action=commit
2025-02-24 13:18:00 | DEBUG | repo=Web_Library | action=commit
2025-10-02 15:04:00 | DEBUG | repo=Web_Library | action=test | passed=true
2025-08-08 10:01:00 | INFO | repo=Web_Library | action=test | passed=true
2025-11-01 21:41:00 | INFO | repo=Web_Library | action=pull
2025-01-11 13:58:00 | WARN | repo=Web_Library | action=commit
2025-08-18 21:52:00 | INFO | repo=Web_Library | action=commit
2025-07-28 09:02:00 | DEBUG | repo=Web_Library | action=commit
2025-11-04 11:50:00 | WARN | repo=Web_Library | action=commit
2025-04-07 17:13:00 | DEBUG | repo=Web_Library | action=commit
2025-10-07 16:41:00 | WARN | repo=Web_Library | action=edit | files=1
2025-12-08 19:20:00 | WARN | repo=Web_Library | action=commit
2025-10-16 08:30:00 | INFO | repo=Web_Library | action=commit
2025-09-17 20:46:00 | DEBUG | repo=Web_Library | action=edit | files=4
2025-01-21 20:47:00 | INFO | repo=Web_Library | action=pull
2025-12-10 19:02:00 | WARN | repo=Web_Library | action=commit
2025-02-11 07:30:00 | INFO | repo=Web_Library | action=commit
2025-05-10 11:13:00 | WARN | repo=Web_Library | action=commit
2025-08-07 13:52:00 | INFO | repo=Web_Library | action=commit
2025-12-04 15:31:00 | INFO | repo=Web_Library | action=commit
2025-01-13 18:32:00 | DEBUG | repo=Web_Library | action=test | passed=true
2025-09-07 17:10:00 | INFO | repo=Web_Library | action=commit
2025-12-18 14:18:00 | WARN | repo=Web_Library | action=commit
2025-11-16 07:12:00 | WARN | repo=Web_Library | action=commit
2025-12-21 14:55:00 | INFO | repo=Web_Library | action=test | passed=true
2025-04-01 20:56:00 | INFO | repo=Web_Library | action=commit
2025-04-28 07:55:00 | DEBUG | repo=Web_Library | action=commit
2025-07-22 07:52:00 | DEBUG | repo=Web_Library | action=commit
2025-05-16 20:20:00 | INFO | repo=Web_Library | action=commit
2025-11-07 13:03:00 | INFO | repo=Web_Library | action=commit
2025-08-22 20:43:00 | WARN | repo=Web_Library | action=commit
2025-03-06 12:32:00 | DEBUG | repo=Web_Library | action=edit | files=2
2025-09-18 21:39:00 | DEBUG | repo=Web_Library | action=commit
2025-10-27 21:18:00 | INFO | repo=Web_Library | action=edit | files=5
2025-02-09 20:21:00 | INFO | repo=Web_Library | action=commit
2025-08-07 21:16:00 | WARN | repo=Web_Library | action=edit | files=2
2025-08-11 07:42:00 | DEBUG | repo=Web_Library | action=commit
2025-09-19 12:47:00 | INFO | repo=Web_Library | action=commit
2025-04-23 17:09:00 | WARN | repo=Web_Library | action=commit
2025-06-12 18:29:00 | INFO | repo=Web_Library | action=commit
2025-01-27 15:41:00 | WARN | repo=Web_Library | action=pull
2025-06-02 13:02:00 | INFO | repo=Web_Library | action=commit
2025-04-28 10:31:00 | DEBUG | repo=Web_Library | action=edit | files=2
2025-07-05 07:41:00 | INFO | repo=Web_Library | action=commit
2025-12-07 16:00:00 | DEBUG | repo=Web_Library | action=commit
2025-05-01 13:09:00 | INFO | repo=Web_Library | action=commit
2025-08-27 12:50:00 | INFO | repo=Web_Library | action=pull
2025-10-04 11:32:00 | WARN | repo=Web_Library | action=pull
2025-09-08 18:15:00 | INFO | repo=Web_Library | action=commit
2025-01-12 17:45:00 | DEBUG | repo=Web_Library | action=edit | files=5
2025-06-20 11:06:00 | DEBUG | repo=Web_Library | action=edit | files=2
2025-08-14 08:11:00 | DEBUG | repo=Web_Library | action=edit | files=3
2026-02-21 09:54:00 | WARN | repo=Web_Library | action=commit
2026-09-09 12:55:00 | WARN | repo=Web_Library | action=commit
2026-03-27 11:22:00 | WARN | repo=Web_Library | action=edit | files=4
2026-03-26 20:36:00 | DEBUG | repo=Web_Library | action=commit
2026-03-17 15:09:00 | WARN | repo=Web_Library | action=edit | files=2
2026-07-28 08:23:00 | DEBUG | repo=Web_Library | action=commit
2026-03-01 14:05:00 | INFO | repo=Web_Library | action=commit
2026-08-10 07:23:00 | DEBUG | repo=Web_Library | action=pull
2026-11-06 14:54:00 | INFO | repo=Web_Library | action=commit
2026-05-23 11:36:00 | INFO | repo=Web_Library | action=edit | files=3
2026-06-25 18:25:00 | WARN | repo=Web_Library | action=commit
2026-03-07 19:19:00 | INFO | repo=Web_Library | action=pull
2026-11-14 07:07:00 | DEBUG | repo=Web_Library | action=commit
2026-04-24 14:38:00 | WARN | repo=Web_Library | action=commit
2026-08-09 17:57:00 | WARN | repo=Web_Library | action=commit
2026-01-22 09:47:00 | WARN | repo=Web_Library | action=commit
2025-08-15 20:48:00 | DEBUG | repo=Web_Library | action=commit
2025-05-23 10:56:00 | DEBUG | repo=Web_Library | action=commit
2025-01-13 12:59:00 | INFO | repo=Web_Library | action=test | passed=true
2025-02-04 14:42:00 | INFO | repo=Web_Library | action=edit | files=2
2025-03-11 12:08:00 | DEBUG | repo=Web_Library | action=commit
2025-07-15 18:41:00 | INFO | repo=Web_Library | action=commit
2025-08-02 18:01:00 | INFO | repo=Web_Library | action=commit
2025-10-09 07:07:00 | WARN | repo=Web_Library | action=commit
2025-02-08 09:55:00 | DEBUG | repo=Web_Library | action=commit
2025-05-25 12:45:00 | INFO | repo=Web_Library | action=commit
2025-12-27 21:49:00 | WARN | repo=Web_Library | action=commit
2025-02-14 11:24:00 | WARN | repo=Web_Library | action=test | passed=true
2025-12-17 10:23:00 | DEBUG | repo=Web_Library | action=commit
2025-01-09 13:13:00 | WARN | repo=Web_Library | action=edit | files=2
2025-12-27 21:34:00 | DEBUG | repo=Web_Library | action=commit
2025-09-18 09:18:00 | INFO | repo=Web_Library | action=commit
2025-02-01 07:09:00 | WARN | repo=Web_Library | action=edit | files=2
2025-12-20 19:57:00 | DEBUG | repo=Web_Library | action=commit
2025-11-28 19:44:00 | WARN | repo=Web_Library | action=commit
2025-09-22 09:44:00 | WARN | repo=Web_Library | action=commit
2025-12-17 21:27:00 | DEBUG | repo=Web_Library | action=commit
2025-02-19 07:22:00 | INFO | repo=Web_Library | action=test | passed=true
2025-04-15 08:46:00 | WARN | repo=Web_Library | action=commit
2025-12-05 17:12:00 | DEBUG | repo=Web_Library | action=test | passed=true
2025-04-10 13:15:00 | WARN | repo=Web_Library | action=pull
2025-11-18 19:32:00 | DEBUG | repo=Web_Library | action=commit
2025-12-14 20:19:00 | WARN | repo=Web_Library | action=commit
2025-04-23 18:41:00 | WARN | repo=Web_Library | action=commit
2025-06-06 08:11:00 | WARN | repo=Web_Library | action=commit
2025-04-19 10:08:00 | DEBUG | repo=Web_Library | action=commit
2025-12-24 07:06:00 | DEBUG | repo=Web_Library | action=commit
2025-12-13 17:38:00 | INFO | repo=Web_Library | action=commit
2025-01-12 19:25:00 | WARN | repo=Web_Library | action=pull
2025-12-13 20:45:00 | INFO | repo=Web_Library | action=commit
2025-11-20 07:07:00 | INFO | repo=Web_Library | action=commit
2025-02-26 08:19:00 | WARN | repo=Web_Library | action=commit
2025-08-04 08:40:00 | WARN | repo=Web_Library | action=commit
2025-07-21 11:09:00 | INFO | repo=Web_Library | action=commit
2025-02-07 15:43:00 | INFO | repo=Web_Library | action=pull
2025-07-27 16:41:00 | INFO | repo=Web_Library | action=commit
2025-05-05 15:15:00 | WARN | repo=Web_Library | action=commit
2025-02-12 19:00:00 | INFO | repo=Web_Library | action=edit | files=4
2025-12-14 07:25:00 | DEBUG | repo=Web_Library | action=commit
2025-12-13 21:04:00 | INFO | repo=Web_Library | action=pull
2025-10-11 08:05:00 | DEBUG | repo=Web_Library | action=commit
2025-01-26 13:30:00 | DEBUG | repo=Web_Library | action=test | passed=true
2025-05-17 08:30:00 | WARN | repo=Web_Library | action=pull
2025-10-17 13:25:00 | WARN | repo=Web_Library | action=commit
2025-07-08 07:23:00 | INFO | repo=Web_Library | action=edit | files=2
2025-12-12 16:06:00 | INFO | repo=Web_Library | action=test | passed=true
2025-01-03 15:24:00 | DEBUG | repo=Web_Library | action=test | passed=true
2025-07-08 18:08:00 | DEBUG | repo=Web_Library | action=edit | files=3
2025-08-25 21:24:00 | DEBUG | repo=Web_Library | action=test | passed=true
2025-04-14 12:40:00 | WARN | repo=Web_Library | action=commit
2025-11-13 07:58:00 | WARN | repo=Web_Library | action=test | passed=true
2025-06-21 15:15:00 | DEBUG | repo=Web_Library | action=commit
2025-11-12 19:13:00 | DEBUG | repo=Web_Library | action=edit | files=2
2025-07-18 08:44:00 | DEBUG | repo=Web_Library | action=commit
2025-06-18 12:14:00 | DEBUG | repo=Web_Library | action=test | passed=true
2025-10-10 09:03:00 | WARN | repo=Web_Library | action=commit
2025-03-26 19:50:00 | DEBUG | repo=Web_Library | action=commit
2025-04-11 15:32:00 | DEBUG | repo=Web_Library | action=commit
2025-09-15 11:47:00 | INFO | repo=Web_Library | action=pull
2025-11-10 14:45:00 | WARN | repo=Web_Library | action=commit
2025-10-10 17:58:00 | DEBUG | repo=Web_Library | action=edit | files=2
2024-10-08 08:56:00 | INFO | repo=Web_Library | action=commit
2024-04-27 14:42:00 | INFO | repo=Web_Library | action=test | passed=true
2025-07-13 13:38:00 | INFO | repo=Web_Library | action=commit
2025-09-28 18:29:00 | WARN | repo=Web_Library | action=test | passed=true
2025-12-05 21:24:00 | DEBUG | repo=Web_Library | action=commit
2024-08-24 17:32:00 | WARN | repo=Web_Library | action=commit
2025-04-09 09:52:00 | DEBUG | repo=Web_Library | action=test | passed=true
2025-11-25 15:22:00 | INFO | repo=Web_Library | action=commit
2025-11-17 10:44:00 | INFO | repo=Web_Library | action=commit
2025-10-25 16:35:00 | WARN | repo=Web_Library | action=pull
2025-11-14 12:03:00 | INFO | repo=Web_Library | action=test | passed=true
2024-04-15 20:02:00 | INFO | repo=Web_Library | action=commit
2025-10-07 21:38:00 | WARN | repo=Web_Library | action=commit
2025-04-14 11:24:00 | INFO | repo=Web_Library | action=edit | files=5
2025-10-02 08:57:00 | WARN | repo=Web_Library | action=commit
2024-09-02 10:49:00 | DEBUG | repo=Web_Library | action=commit
2024-01-03 21:56:00 | INFO | repo=Web_Library | action=commit
2024-03-26 12:58:00 | DEBUG | repo=Web_Library | action=commit
2025-05-11 17:13:00 | INFO | repo=Web_Library | action=test | passed=true
2024-04-11 13:20:00 | WARN | repo=Web_Library | action=edit | files=1
2025-10-19 09:11:00 | INFO | repo=Web_Library | action=edit | files=2
2024-12-07 12:42:00 | INFO | repo=Web_Library | action=pull
2025-12-06 14:10:00 | INFO | repo=Web_Library | action=commit
2025-01-15 16:24:00 | DEBUG | repo=Web_Library | action=commit
2025-10-03 11:46:00 | INFO | repo=Web_Library | action=commit
2025-11-15 12:44:00 | WARN | repo=Web_Library | action=test | passed=true
2024-04-20 17:35:00 | DEBUG | repo=Web_Library | action=pull
2025-01-24 13:21:00 | WARN | repo=Web_Library | action=pull
2025-09-16 19:51:00 | INFO | repo=Web_Library | action=edit | files=4
2025-06-18 17:42:00 | INFO | repo=Web_Library | action=edit | files=2
2024-09-15 21:29:00 | WARN | repo=Web_Library | action=commit
2025-01-28 12:47:00 | WARN | repo=Web_Library | action=commit
2024-12-17 10:18:00 | INFO | repo=Web_Library | action=pull
2025-04-21 12:00:00 | WARN | repo=Web_Library | action=commit
2025-09-22 09:38:00 | DEBUG | repo=Web_Library | action=commit
2025-01-08 15:09:00 | INFO | repo=Web_Library | action=commit
2024-06-28 08:45:00 | DEBUG | repo=Web_Library | action=commit
2025-10-20 09:52:00 | INFO | repo=Web_Library | action=pull
2024-11-24 08:34:00 | DEBUG | repo=Web_Library | action=commit
2024-11-26 17:06:00 | INFO | repo=Web_Library | action=commit
2024-06-01 09:20:00 | DEBUG | repo=Web_Library | action=test | passed=true
2024-11-03 20:38:00 | WARN | repo=Web_Library | action=test | passed=true
2024-12-03 07:32:00 | WARN | repo=Web_Library | action=test | passed=true
2024-08-12 08:48:00 | DEBUG | repo=Web_Library | action=pull
2024-01-19 08:38:00 | INFO | repo=Web_Library | action=commit
2024-12-25 15:31:00 | INFO | repo=Web_Library | action=commit
2025-01-25 08:32:00 | INFO | repo=Web_Library | action=commit
2024-09-08 21:27:00 | INFO | repo=Web_Library | action=test | passed=true
2024-09-27 14:44:00 | WARN | repo=Web_Library | action=pull
2025-06-20 15:26:00 | DEBUG | repo=Web_Library | action=edit | files=5
2024-02-21 19:48:00 | WARN | repo=Web_Library | action=pull
2025-09-28 07:53:00 | DEBUG | repo=Web_Library | action=test | passed=true
2025-12-11 09:45:00 | DEBUG | repo=Web_Library | action=pull
2024-02-18 10:28:00 | WARN | repo=Web_Library | action=pull
2025-11-09 17:17:00 | DEBUG | repo=Web_Library | action=commit
2025-02-16 07:35:00 | WARN | repo=Web_Library | action=commit
2025-05-16 09:43:00 | DEBUG | repo=Web_Library | action=commit
2025-12-06 10:31:00 | WARN | repo=Web_Library | action=pull
2025-10-01 15:55:00 | DEBUG | repo=Web_Library | action=commit
2025-11-02 07:30:00 | DEBUG | repo=Web_Library | action=commit
2025-09-17 17:13:00 | WARN | repo=Web_Library | action=commit
2025-07-02 11:28:00 | INFO | repo=Web_Library | action=commit
2025-01-01 20:49:00 | DEBUG | repo=Web_Library | action=pull
2025-11-02 19:36:00 | DEBUG | repo=Web_Library | action=pull
2025-02-06 13:10:00 | INFO | repo=Web_Library | action=commit
2025-01-27 12:26:00 | INFO | repo=Web_Library | action=commit
2025-02-21 10:55:00 | INFO | repo=Web_Library | action=commit
2025-06-04 12:51:00 | DEBUG | repo=Web_Library | action=pull
2025-11-26 08:43:00 | DEBUG | repo=Web_Library | action=commit
2025-09-27 20:33:00 | WARN | repo=Web_Library | action=test | passed=true
2025-07-12 15:17:00 | DEBUG | repo=Web_Library | action=commit
2025-03-03 21:51:00 | INFO | repo=Web_Library | action=commit
2025-04-20 18:42:00 | INFO | repo=Web_Library | action=commit
2025-09-12 20:39:00 | WARN | repo=Web_Library | action=commit
2025-07-04 09:23:00 | WARN | repo=Web_Library | action=commit
2025-12-04 14:08:00 | INFO | repo=Web_Library | action=edit | files=5
2025-01-07 09:13:00 | INFO | repo=Web_Library | action=edit | files=1
2025-04-26 20:06:00 | INFO | repo=Web_Library | action=commit
2025-03-18 15:48:00 | WARN | repo=Web_Library | action=commit
2025-02-13 20:50:00 | WARN | repo=Web_Library | action=commit
2025-06-14 21:12:00 | WARN | repo=Web_Library | action=commit
2025-04-02 08:37:00 | DEBUG | repo=Web_Library | action=test | passed=true
2025-02-25 08:45:00 | INFO | repo=Web_Library | action=commit
2025-05-20 14:13:00 | INFO | repo=Web_Library | action=commit
2025-12-14 17:41:00 | INFO | repo=Web_Library | action=commit
2025-08-03 19:14:00 | INFO | repo=Web_Library | action=commit
2025-11-12 20:03:00 | INFO | repo=Web_Library | action=commit
2025-12-16 12:21:00 | INFO | repo=Web_Library | action=commit
2025-10-01 15:26:00 | DEBUG | repo=Web_Library | action=commit
2025-08-04 21:22:00 | INFO | repo=Web_Library | action=commit
2025-07-23 10:00:00 | DEBUG | repo=Web_Library | action=commit
2025-02-12 19:56:00 | INFO | repo=Web_Library | action=commit
2025-05-11 21:12:00 | WARN | repo=Web_Library | action=test | passed=true
2025-09-28 19:19:00 | WARN | repo=Web_Library | action=commit
2025-09-19 21:12:00 | INFO | repo=Web_Library | action=pull
2025-07-10 18:50:00 | WARN | repo=Web_Library | action=edit | files=1
2025-03-12 19:39:00 | WARN | repo=Web_Library | action=commit
2025-06-12 07:56:00 | DEBUG | repo=Web_Library | action=commit
2025-04-25 18:34:00 | DEBUG | repo=Web_Library | action=test | passed=true
2025-07-14 20:21:00 | DEBUG | repo=Web_Library | action=commit
2025-02-04 21:01:00 | WARN | repo=Web_Library | action=commit
2025-02-14 19:03:00 | WARN | repo=Web_Library | action=commit
2025-05-07 07:35:00 | DEBUG | repo=Web_Library | action=commit
2025-07-06 08:17:00 | WARN | repo=Web_Library | action=commit
2025-10-15 19:17:00 | WARN | repo=Web_Library | action=commit
2025-04-10 19:29:00 | WARN | repo=Web_Library | action=edit | files=2
2025-08-15 13:29:00 | DEBUG | repo=Web_Library | action=commit
2025-07-05 10:57:00 | DEBUG | repo=Web_Library | action=commit
2025-06-12 17:20:00 | DEBUG | repo=Web_Library | action=commit
2025-02-05 07:47:00 | INFO | repo=Web_Library | action=commit
2025-05-10 09:22:00 | WARN | repo=Web_Library | action=commit
2025-09-10 13:56:00 | INFO | repo=Web_Library | action=edit | files=5
2025-04-10 13:35:00 | WARN | repo=Web_Library | action=pull
2025-12-04 12:15:00 | INFO | repo=Web_Library | action=test | passed=true
2025-03-10 08:28:00 | INFO | repo=Web_Library | action=commit
2025-08-23 19:42:00 | INFO | repo=Web_Library | action=edit | files=4
2025-03-12 18:27:00 | WARN | repo=Web_Library | action=commit
2025-08-26 10:33:00 | WARN | repo=Web_Library | action=commit
2025-09-09 08:16:00 | WARN | repo=Web_Library | action=test | passed=true
2025-11-16 17:53:00 | INFO | repo=Web_Library | action=commit
2025-08-16 11:15:00 | INFO | repo=Web_Library | action=test | passed=true
2025-10-12 07:54:00 | WARN | repo=Web_Library | action=commit
2025-07-10 16:01:00 | WARN | repo=Web_Library | action=edit | files=5
2025-01-02 21:03:00 | WARN | repo=Web_Library | action=commit
2025-11-28 19:41:00 | INFO | repo=Web_Library | action=commit
2025-07-22 10:51:00 | DEBUG | repo=Web_Library | action=test | passed=true
2025-01-23 19:47:00 | DEBUG | repo=Web_Library | action=pull
2025-09-03 20:06:00 | DEBUG | repo=Web_Library | action=edit | files=5
2025-08-19 21:38:00 | INFO | repo=Web_Library | action=edit | files=5
2025-12-16 14:34:00 | DEBUG | repo=Web_Library | action=commit
2025-04-02 17:34:00 | DEBUG | repo=Web_Library | action=commit
2025-02-26 19:20:00 | INFO | repo=Web_Library | action=commit
2025-09-03 21:05:00 | DEBUG | repo=Web_Library | action=test | passed=true
2025-07-22 15:05:00 | DEBUG | repo=Web_Library | action=commit
2025-12-14 12:46:00 | WARN | repo=Web_Library | action=pull
2025-03-21 20:31:00 | DEBUG | repo=Web_Library | action=edit | files=3
2025-06-01 20:09:00 | INFO | repo=Web_Library | action=commit
2025-04-22 18:23:00 | DEBUG | repo=Web_Library | action=commit
2025-07-06 16:59:00 | DEBUG | repo=Web_Library | action=commit
2025-03-24 18:40:00 | INFO | repo=Web_Library | action=commit
2025-07-26 07:41:00 | DEBUG | repo=Web_Library | action=edit | files=3
2025-05-27 12:52:00 | DEBUG | repo=Web_Library | action=commit
2025-01-20 15:58:00 | INFO | repo=Web_Library | action=pull
2025-02-01 11:32:00 | DEBUG | repo=Web_Library | action=commit
2025-02-01 21:05:00 | INFO | repo=Web_Library | action=commit
2025-08-13 09:11:00 | DEBUG | repo=Web_Library | action=commit
2025-08-17 16:32:00 | INFO | repo=Web_Library | action=edit | files=4
2025-01-05 16:52:00 | INFO | repo=Web_Library | action=edit | files=4
2025-01-01 16:16:00 | WARN | repo=Web_Library | action=pull
2025-01-21 12:02:00 | WARN | repo=Web_Library | action=pull
2025-05-25 08:44:00 | WARN | repo=Web_Library | action=commit
2025-04-07 19:54:00 | INFO | repo=Web_Library | action=test | passed=true
2025-05-03 19:31:00 | DEBUG | repo=Web_Library | action=edit | files=1
2025-09-26 19:54:00 | INFO | repo=Web_Library | action=test | passed=true
2025-11-18 17:07:00 | WARN | repo=Web_Library | action=commit
2025-01-01 14:22:00 | DEBUG | repo=Web_Library | action=commit
2025-05-17 18:27:00 | INFO | repo=Web_Library | action=commit
2025-08-04 13:06:00 | WARN | repo=Web_Library | action=commit
2025-11-16 07:59:00 | WARN | repo=Web_Library | action=pull
2025-08-21 17:17:00 | INFO | repo=Web_Library | action=edit | files=1
2025-07-04 20:59:00 | INFO | repo=Web_Library | action=commit
2025-04-17 21:31:00 | DEBUG | repo=Web_Library | action=commit
2025-07-11 10:32:00 | WARN | repo=Web_Library | action=commit
2025-11-15 11:55:00 | WARN | repo=Web_Library | action=commit
2025-09-21 16:26:00 | WARN | repo=Web_Library | action=test | passed=true
2025-04-04 07:51:00 | DEBUG | repo=Web_Library | action=commit
2025-09-27 21:36:00 | INFO | repo=Web_Library | action=commit
2025-09-13 09:24:00 | WARN | repo=Web_Library | action=commit
2025-09-05 08:06:00 | DEBUG | repo=Web_Library | action=edit | files=3
2025-05-09 21:45:00 | DEBUG | repo=Web_Library | action=edit | files=3
2025-02-06 11:37:00 | INFO | repo=Web_Library | action=commit
2025-08-07 21:13:00 | WARN | repo=Web_Library | action=commit
2025-07-17 17:28:00 | INFO | repo=Web_Library | action=commit
2025-10-02 11:55:00 | DEBUG | repo=Web_Library | action=edit | files=4
2025-02-21 12:51:00 | INFO | repo=Web_Library | action=commit
2025-10-21 13:37:00 | DEBUG | repo=Web_Library | action=commit
2025-12-22 17:34:00 | INFO | repo=Web_Library | action=commit
2025-01-01 21:21:00 | INFO | repo=Web_Library | action=commit
2025-08-26 17:39:00 | DEBUG | repo=Web_Library | action=commit
2025-10-07 08:48:00 | DEBUG | repo=Web_Library | action=pull
2025-01-12 19:44:00 | WARN | repo=Web_Library | action=commit
2025-05-01 16:51:00 | DEBUG | repo=Web_Library | action=test | passed=true
2025-01-15 16:18:00 | DEBUG | repo=Web_Library | action=commit
2025-02-27 21:15:00 | INFO | repo=Web_Library | action=commit
2025-05-25 18:20:00 | DEBUG | repo=Web_Library | action=commit
2025-07-25 09:02:00 | DEBUG | repo=Web_Library | action=commit
2025-02-23 21:02:00 | DEBUG | repo=Web_Library | action=pull
2025-05-28 13:43:00 | INFO | repo=Web_Library | action=commit
2025-09-03 17:28:00 | INFO | repo=Web_Library | action=commit
2025-05-25 07:46:00 | WARN | repo=Web_Library | action=commit
2025-11-28 20:41:00 | DEBUG | repo=Web_Library | action=pull
2025-01-23 14:40:00 | WARN | repo=Web_Library | action=edit | files=5
2025-02-27 11:18:00 | WARN | repo=Web_Library | action=commit
2025-11-16 15:53:00 | DEBUG | repo=Web_Library | action=commit
2025-12-19 12:23:00 | WARN | repo=Web_Library | action=commit
2025-01-24 07:35:00 | WARN | repo=Web_Library | action=commit
2025-09-02 18:22:00 | DEBUG | repo=Web_Library | action=edit | files=2
2025-10-02T13:55:00 | nonce=6195734963914539260
2025-06-23T10:58:00 | nonce=7750421488890608553
2025-09-09T10:18:00 | nonce=1601014416850126336
2025-09-18T18:14:00 | nonce=10222528843488591568
2025-12-22T09:07:00 | nonce=15405038445485032987
2025-10-22T19:12:00 | nonce=7150673123724348443
2025-12-22T20:06:00 | nonce=15282588493223662687
2025-09-19T17:04:00 | nonce=15694296369345663615
2025-11-17T10:35:00 | nonce=8079575909803167640
2025-09-25T13:26:00 | nonce=8488079685862122781
2025-01-06T16:16:00 | nonce=17197031573092692047
2025-10-10T11:13:00 | nonce=15517031833219277867
2025-06-25T11:34:00 | nonce=1316240743480621279
2025-04-25T13:37:00 | nonce=8652006175354337104
2025-06-16T13:47:00 | nonce=2261195455446797332
2025-09-27T13:17:00 | nonce=4053378100741738202
2025-01-28T14:00:00 | nonce=356728610862520047
2025-03-29T19:51:00 | nonce=2172215453635563983
2024-12-10T13:12:00 | nonce=14312417294228427358
2025-12-12T20:08:00 | nonce=5300957221930814440
2024-11-19T19:39:00 | nonce=2196959954761575324
2024-04-05T17:08:00 | nonce=3003431269642670363
2024-08-22T15:39:00 | nonce=10435026804247835542
